C:\USERS\Студент\VIDEOS\LAB3\MULTIPROC-LABS\LAB3\LAB3\DEBUG\LAB3.PCH
C:\USERS\Студент\VIDEOS\LAB3\MULTIPROC-LABS\LAB3\LAB3\DEBUG\STDAFX.OBJ
C:\USERS\СТУДЕНТ\VIDEOS\LAB3\MULTIPROC-LABS\LAB3\LAB3\DEBUG\VC110.PDB
C:\USERS\Студент\VIDEOS\LAB3\MULTIPROC-LABS\LAB3\LAB3\DEBUG\LAB3.OBJ
C:\USERS\Студент\VIDEOS\LAB3\MULTIPROC-LABS\LAB3\DEBUG\LAB3.ILK
C:\USERS\Студент\VIDEOS\LAB3\MULTIPROC-LABS\LAB3\DEBUG\LAB3.EXE
C:\USERS\СТУДЕНТ\VIDEOS\LAB3\MULTIPROC-LABS\LAB3\DEBUG\LAB3.PDB
C:\Users\Студент\Videos\lab3\multiproc-labs\lab3\lab3\Debug\lab3.obj
C:\Users\Студент\Videos\lab3\multiproc-labs\lab3\lab3\Debug\stdafx.obj
C:\Users\Студент\Videos\lab3\multiproc-labs\lab3\lab3\Debug\cl.command.1.tlog
C:\Users\Студент\Videos\lab3\multiproc-labs\lab3\lab3\Debug\CL.read.1.tlog
C:\Users\Студент\Videos\lab3\multiproc-labs\lab3\lab3\Debug\CL.write.1.tlog
C:\Users\Студент\Videos\lab3\multiproc-labs\lab3\lab3\Debug\link-cvtres.read.1.tlog
C:\Users\Студент\Videos\lab3\multiproc-labs\lab3\lab3\Debug\link-cvtres.write.1.tlog
C:\Users\Студент\Videos\lab3\multiproc-labs\lab3\lab3\Debug\link-rc.read.1.tlog
C:\Users\Студент\Videos\lab3\multiproc-labs\lab3\lab3\Debug\link-rc.write.1.tlog
C:\Users\Студент\Videos\lab3\multiproc-labs\lab3\lab3\Debug\link.command.1.tlog
C:\Users\Студент\Videos\lab3\multiproc-labs\lab3\lab3\Debug\link.read.1.tlog
C:\Users\Студент\Videos\lab3\multiproc-labs\lab3\lab3\Debug\link.write.1.tlog
C:\Users\Студент\Videos\lab3\multiproc-labs\lab3\lab3\Debug\lab3.pch
C:\Users\Студент\Videos\lab3\multiproc-labs\lab3\lab3\Debug\vc110.idb
C:\Users\Студент\Videos\lab3\multiproc-labs\lab3\lab3\Debug\vc110.pdb
C:\Users\Студент\Videos\lab3\multiproc-labs\lab3\Debug\lab3.pdb
C:\Users\Студент\Videos\lab3\multiproc-labs\lab3\Debug\lab3.exe
C:\Users\Студент\Videos\lab3\multiproc-labs\lab3\Debug\lab3.ilk
